0 info it worked if it ends with ok
1 verbose cli [ '/Users/mdojkic/.nvm/versions/node/v7.2.1/bin/node',
1 verbose cli   '/Users/mdojkic/.nvm/versions/node/v7.2.1/bin/npm',
1 verbose cli   'run',
1 verbose cli   'build:css' ]
2 info using npm@4.0.5
3 info using node@v7.2.1
4 verbose run-script [ 'prebuild:css', 'build:css', 'postbuild:css' ]
5 info lifecycle adomis@1.0.0~prebuild:css: adomis@1.0.0
6 silly lifecycle adomis@1.0.0~prebuild:css: no script for prebuild:css, continuing
7 info lifecycle adomis@1.0.0~build:css: adomis@1.0.0
8 verbose lifecycle adomis@1.0.0~build:css: unsafe-perm in lifecycle true
9 verbose lifecycle adomis@1.0.0~build:css: PATH: /Users/mdojkic/.nvm/versions/node/v7.2.1/lib/node_modules/npm/bin/node-gyp-bin:/Users/mdojkic/Projects/adomis/node_modules/.bin:/Users/mdojkic/.nvm/versions/node/v7.2.1/lib/node_modules/npm/bin/node-gyp-bin:/Users/mdojkic/Projects/adomis/node_modules/.bin:/Users/mdojkic/.nvm/versions/node/v7.2.1/bin:/usr/local/bin:/usr/bin:/bin:/usr/sbin:/sbin:/usr/local/share/dotnet
10 verbose lifecycle adomis@1.0.0~build:css: CWD: /Users/mdojkic/Projects/adomis
11 silly lifecycle adomis@1.0.0~build:css: Args: [ '-c', 'npm run sass && npm run autoprefixer' ]
12 silly lifecycle adomis@1.0.0~build:css: Returned: code: 1  signal: null
13 info lifecycle adomis@1.0.0~build:css: Failed to exec build:css script
14 verbose stack Error: adomis@1.0.0 build:css: `npm run sass && npm run autoprefixer`
14 verbose stack Exit status 1
14 verbose stack     at EventEmitter.<anonymous> (/Users/mdojkic/.nvm/versions/node/v7.2.1/lib/node_modules/npm/lib/utils/lifecycle.js:279:16)
14 verbose stack     at emitTwo (events.js:106:13)
14 verbose stack     at EventEmitter.emit (events.js:191:7)
14 verbose stack     at ChildProcess.<anonymous> (/Users/mdojkic/.nvm/versions/node/v7.2.1/lib/node_modules/npm/lib/utils/spawn.js:40:14)
14 verbose stack     at emitTwo (events.js:106:13)
14 verbose stack     at ChildProcess.emit (events.js:191:7)
14 verbose stack     at maybeClose (internal/child_process.js:885:16)
14 verbose stack     at Process.ChildProcess._handle.onexit (internal/child_process.js:226:5)
15 verbose pkgid adomis@1.0.0
16 verbose cwd /Users/mdojkic/Projects/adomis
17 error Darwin 16.4.0
18 error argv "/Users/mdojkic/.nvm/versions/node/v7.2.1/bin/node" "/Users/mdojkic/.nvm/versions/node/v7.2.1/bin/npm" "run" "build:css"
19 error node v7.2.1
20 error npm  v4.0.5
21 error code ELIFECYCLE
22 error adomis@1.0.0 build:css: `npm run sass && npm run autoprefixer`
22 error Exit status 1
23 error Failed at the adomis@1.0.0 build:css script 'npm run sass && npm run autoprefixer'.
23 error Make sure you have the latest version of node.js and npm installed.
23 error If you do, this is most likely a problem with the adomis package,
23 error not with npm itself.
23 error Tell the author that this fails on your system:
23 error     npm run sass && npm run autoprefixer
23 error You can get information on how to open an issue for this project with:
23 error     npm bugs adomis
23 error Or if that isn't available, you can get their info via:
23 error     npm owner ls adomis
23 error There is likely additional logging output above.
24 verbose exit [ 1, true ]
